<?xml version="1.0" encoding="UTF-8"?>
<!-- Generated by org.testng.reporters.JUnitReportReporter -->
<testsuite hostname="raghuwah2" name="test.java.testcases.TestCase1" tests="2" failures="0" timestamp="22 Mar 2019 18:18:36 GMT" time="0.004" errors="0">
  <testcase name="doLogin" time="0.002" classname="test.java.testcases.TestCase1"/>
  <testcase name="doUserReg" time="0.002" classname="test.java.testcases.TestCase1"/>
</testsuite> <!-- test.java.testcases.TestCase1 -->
